<?xml version="1.0" encoding="UTF-8"?>
<testng-results skipped="0" failed="1" ignored="0" total="5" passed="4">
  <reporter-output>
  </reporter-output>
  <suite name="Default suite" duration-ms="59991" started-at="2020-05-08T10:12:10 GMT+03:00" finished-at="2020-05-08T10:13:10 GMT+03:00">
    <groups>
    </groups>
    <test name="Default test" duration-ms="59991" started-at="2020-05-08T10:12:10 GMT+03:00" finished-at="2020-05-08T10:13:10 GMT+03:00">
      <class name="tests.eBayTestCase">
        <test-method status="PASS" signature="setup()[pri:0, instance:tests.eBayTestCase@4232c52b]" name="setup" is-config="true" duration-ms="17653" started-at="2020-05-08T10:12:10 GMT+03:00" finished-at="2020-05-08T10:12:28 GMT+03:00">
          <reporter-output>
          </reporter-output>
        </test-method> <!-- setup -->
        <test-method status="PASS" signature="appLaunchValidation()[pri:1, instance:tests.eBayTestCase@4232c52b]" name="appLaunchValidation" duration-ms="239" started-at="2020-05-08T10:12:28 GMT+03:00" finished-at="2020-05-08T10:12:28 GMT+03:00">
          <reporter-output>
          </reporter-output>
        </test-method> <!-- appLaunchValidation -->
        <test-method status="PASS" signature="search()[pri:2, instance:tests.eBayTestCase@4232c52b]" name="search" duration-ms="11849" started-at="2020-05-08T10:12:28 GMT+03:00" finished-at="2020-05-08T10:12:40 GMT+03:00">
          <reporter-output>
          </reporter-output>
        </test-method> <!-- search -->
        <test-method status="PASS" signature="selectRandomOption()[pri:3, instance:tests.eBayTestCase@4232c52b]" name="selectRandomOption" duration-ms="9253" started-at="2020-05-08T10:12:40 GMT+03:00" finished-at="2020-05-08T10:12:49 GMT+03:00">
          <reporter-output>
          </reporter-output>
        </test-method> <!-- selectRandomOption -->
        <test-method status="PASS" signature="validateProductDetails()[pri:4, instance:tests.eBayTestCase@4232c52b]" name="validateProductDetails" duration-ms="13502" started-at="2020-05-08T10:12:49 GMT+03:00" depends-on-methods="tests.eBayTestCase.selectRandomOption" finished-at="2020-05-08T10:13:02 GMT+03:00">
          <reporter-output>
          </reporter-output>
        </test-method> <!-- validateProductDetails -->
        <test-method status="FAIL" signature="Checkout()[pri:5, instance:tests.eBayTestCase@4232c52b]" name="Checkout" duration-ms="7174" started-at="2020-05-08T10:13:02 GMT+03:00" finished-at="2020-05-08T10:13:10 GMT+03:00">
          <exception class="java.lang.AssertionError">
            <message>
              <![CDATA[Seller cannot deliver the product to primary address]]>
            </message>
            <full-stacktrace>
              <![CDATA[java.lang.AssertionError: Seller cannot deliver the product to primary address
at org.testng.Assert.fail(Assert.java:97)
at tests.eBayTestCase.Checkout(eBayTestCase.java:134)
at sun.reflect.NativeMethodAccessorImpl.invoke0(Native Method)
at sun.reflect.NativeMethodAccessorImpl.invoke(NativeMethodAccessorImpl.java:62)
at sun.reflect.DelegatingMethodAccessorImpl.invoke(DelegatingMethodAccessorImpl.java:43)
at java.lang.reflect.Method.invoke(Method.java:498)
at org.testng.internal.MethodInvocationHelper.invokeMethod(MethodInvocationHelper.java:133)
at org.testng.internal.TestInvoker.invokeMethod(TestInvoker.java:584)
at org.testng.internal.TestInvoker.invokeTestMethod(TestInvoker.java:172)
at org.testng.internal.MethodRunner.runInSequence(MethodRunner.java:46)
at org.testng.internal.TestInvoker$MethodInvocationAgent.invoke(TestInvoker.java:804)
at org.testng.internal.TestInvoker.invokeTestMethods(TestInvoker.java:145)
at org.testng.internal.TestMethodWorker.invokeTestMethods(TestMethodWorker.java:146)
at org.testng.internal.TestMethodWorker.run(TestMethodWorker.java:128)
at java.util.ArrayList.forEach(ArrayList.java:1257)
at org.testng.TestRunner.privateRun(TestRunner.java:770)
at org.testng.TestRunner.run(TestRunner.java:591)
at org.testng.SuiteRunner.runTest(SuiteRunner.java:402)
at org.testng.SuiteRunner.runSequentially(SuiteRunner.java:396)
at org.testng.SuiteRunner.privateRun(SuiteRunner.java:355)
at org.testng.SuiteRunner.run(SuiteRunner.java:304)
at org.testng.SuiteRunnerWorker.runSuite(SuiteRunnerWorker.java:53)
at org.testng.SuiteRunnerWorker.run(SuiteRunnerWorker.java:96)
at org.testng.TestNG.runSuitesSequentially(TestNG.java:1180)
at org.testng.TestNG.runSuitesLocally(TestNG.java:1102)
at org.testng.TestNG.runSuites(TestNG.java:1032)
at org.testng.TestNG.run(TestNG.java:1000)
at org.testng.remote.AbstractRemoteTestNG.run(AbstractRemoteTestNG.java:115)
at org.testng.remote.RemoteTestNG.initAndRun(RemoteTestNG.java:251)
at org.testng.remote.RemoteTestNG.main(RemoteTestNG.java:77)
]]>
            </full-stacktrace>
          </exception> <!-- java.lang.AssertionError -->
          <reporter-output>
          </reporter-output>
        </test-method> <!-- Checkout -->
        <test-method status="PASS" signature="teardown()[pri:0, instance:tests.eBayTestCase@4232c52b]" name="teardown" is-config="true" duration-ms="279" started-at="2020-05-08T10:13:10 GMT+03:00" finished-at="2020-05-08T10:13:10 GMT+03:00">
          <reporter-output>
          </reporter-output>
        </test-method> <!-- teardown -->
      </class> <!-- tests.eBayTestCase -->
    </test> <!-- Default test -->
  </suite> <!-- Default suite -->
</testng-results>
